---------------------------------------------------------------------------------------
      name:  <unnamed>
       log:  C:\Users\ian\Dropbox\network_v1.1\scripts\smdcheck.log
  log type:  text
 opened on:   6 Jul 2015, 18:43:37
Log file smdcheck.log opened on  6 Jul 2015 at 18:43:37

. pda

. clear

. input study str1 trt sbp sbpsd count

         study        trt        sbp      sbpsd      count
  1. 1 A 50 10 100
  2. 1 B 60 20 200
  3. 1 C 62 10 100
  4. 2 A 70 10 100
  5. 2 B 75 20 200
  6. 3 A 60 10  25
  7. 3 C 55 20  50
  8. end

. network setup sbp sbpsd count, stud(study) trt(trt) smd
Treatments used
   A (reference):                      A
   B:                                  B
   C:                                  C
Measure:                               Standardised mean difference
Studies
   ID variable:                        study
   Number used:                        3
sbpsd ambiguous abbreviation
r(111);

end of do-file
Log file smdcheck.log completed on  6 Jul 2015 at 18:43:38
      name:  <unnamed>
       log:  C:\Users\ian\Dropbox\network_v1.1\scripts\smdcheck.log
  log type:  text
 closed on:   6 Jul 2015, 18:43:38
---------------------------------------------------------------------------------------
