-----------------------------------------------------------------------------------------------------------------
      name:  <unnamed>
       log:  C:\Users\ian\Dropbox\network_v1.1\scripts\smdcheck.log
  log type:  text
 opened on:   6 Jul 2015, 18:01:38
Log file smdcheck.log opened on  6 Jul 2015 at 18:01:38

. clear

. input study str1 trt sbp sbpsd count

         study        trt        sbp      sbpsd      count
  1. 1 A 50 10 100
  2. 1 B 60 20 200
  3. 1 C 62 10 100
  4. 2 A 70 10 100
  5. 2 B 75 20 200
  6. 3 A 60 10  25
  7. 3 C 55 20  50
  8. end

. network setup sbp sbpsd count, stud(study) trt(trt) smd
Treatments used
   A (reference):                      A
   B:                                  B
   C:                                  C
Measure:                               Standardised mean difference
Studies
   ID variable:                        study
   Number used:                        3

Network information                    
   Components:                         1 (connected)
   D.f. for inconsistency:             2
   D.f. for heterogeneity:             0

Current data
   Data format:                        augmented
   Design variable:                    _design
   Estimate variables:                 _y*
   Variance variables:                 _S*
   Command to list the data:           list study _y* _S*, noo sepby(_design)

. l study - countC, noo

  +----------------------------------------------------------------------------------+
  | study   sbpA   sbpsdA   countA   sbpB   sbpsdB   countB   sbpC   sbpsdC   countC |
  |----------------------------------------------------------------------------------|
  |     1     50       10      100     60       20      200     62       10      100 |
  |     2     70       10      100     75       20      200      .        .        . |
  |     3     60       10       25      .        .        .     55       20       50 |
  +----------------------------------------------------------------------------------+

. list study _y* _S*, noo 

  +--------------------------------------------------------------------+
  | study        _y_B         _y_C      _S_B_B      _S_C_C      _S_B_C |
  |--------------------------------------------------------------------|
  |     1   .63078337    .75694005   .01552299   .02075108   .01061745 |
  |     2   .28778698            .   .01516538           .           . |
  |     3           .   -.28504734           .   .06099822           . |
  +--------------------------------------------------------------------+

. 
end of do-file
Log file smdcheck.log completed on  6 Jul 2015 at 18:01:38
      name:  <unnamed>
       log:  C:\Users\ian\Dropbox\network_v1.1\scripts\smdcheck.log
  log type:  text
 closed on:   6 Jul 2015, 18:01:38
-----------------------------------------------------------------------------------------------------------------
